<?xml version="1.0" encoding="UTF-8"?>
<testng-results ignored="0" total="1" passed="1" failed="0" skipped="0">
  <reporter-output>
  </reporter-output>
  <suite started-at="2022-12-29T18:31:15 IST" name="Default suite" finished-at="2022-12-29T18:31:34 IST" duration-ms="19562">
    <groups>
    </groups>
    <test started-at="2022-12-29T18:31:15 IST" name="Default test" finished-at="2022-12-29T18:31:34 IST" duration-ms="19562">
      <class name="TheInternet.Herokuapp.com.Logintest">
        <test-method signature="Authentication()[pri:0, instance:TheInternet.Herokuapp.com.Logintest@7e07db1f]" started-at="2022-12-29T18:31:15 IST" name="Authentication" finished-at="2022-12-29T18:31:34 IST" duration-ms="19504" status="PASS">
          <reporter-output>
          </reporter-output>
        </test-method> <!-- Authentication -->
      </class> <!-- TheInternet.Herokuapp.com.Logintest -->
    </test> <!-- Default test -->
  </suite> <!-- Default suite -->
</testng-results>
