<?xml version="1.0" encoding="UTF-8"?>
<testng-results ignored="0" total="1" passed="1" failed="0" skipped="0">
  <reporter-output>
  </reporter-output>
  <suite started-at="2022-12-27T01:22:16 IST" name="Surefire suite" finished-at="2022-12-27T01:22:32 IST" duration-ms="16692">
    <groups>
    </groups>
    <test started-at="2022-12-27T01:22:16 IST" name="Surefire test" finished-at="2022-12-27T01:22:32 IST" duration-ms="16692">
      <class name="TheInternet.Herokuapp.com.Logintest">
        <test-method signature="Authentication()[pri:0, instance:TheInternet.Herokuapp.com.Logintest@7d3a22a9]" started-at="2022-12-27T01:22:16 IST" name="Authentication" finished-at="2022-12-27T01:22:32 IST" duration-ms="16644" status="PASS">
          <reporter-output>
          </reporter-output>
        </test-method> <!-- Authentication -->
      </class> <!-- TheInternet.Herokuapp.com.Logintest -->
    </test> <!-- Surefire test -->
  </suite> <!-- Surefire suite -->
</testng-results>
